app/build/intermediates/manifest_merge_blame_file/debug/manifest-merger-blame-debug-report.txt
1<?xml version="1.0" encoding="utf-8"?>
2<manifest xmlns:android="http://schemas.android.com/apk/res/android"
3    package="com.example.smartkartapp"
4    android:versionCode="1"
5    android:versionName="1.0" >
6
7    <uses-sdk
8        android:minSdkVersion="22"
8-->src\main\AndroidManifest.xml
9        android:targetSdkVersion="29" />
9-->src\main\AndroidManifest.xml
10
11    <uses-permission android:name="android.permission.ACCESS_NETWORK_STATE" />
11-->[com.google.firebase:firebase-database:16.0.4] AndroidManifest.xml:22:5-79
11-->[com.google.firebase:firebase-database:16.0.4] AndroidManifest.xml:22:22-76
12    <uses-permission android:name="android.permission.INTERNET" />
12-->[com.google.firebase:firebase-database:16.0.4] AndroidManifest.xml:23:5-67
12-->[com.google.firebase:firebase-database:16.0.4] AndroidManifest.xml:23:22-64
13
14    <application
14-->src\main\AndroidManifest.xml:5:5-47:19
15        android:allowBackup="true"
15-->src\main\AndroidManifest.xml:6:9-35
16        android:appComponentFactory="androidx.core.app.CoreComponentFactory"
16-->[androidx.core:core:1.1.0] AndroidManifest.xml:24:18-86
17        android:debuggable="true"
18        android:icon="@mipmap/ic_launcher"
18-->src\main\AndroidManifest.xml:7:9-43
19        android:label="@string/app_name"
19-->src\main\AndroidManifest.xml:8:9-41
20        android:roundIcon="@mipmap/ic_launcher_round"
20-->src\main\AndroidManifest.xml:9:9-54
21        android:supportsRtl="true"
21-->src\main\AndroidManifest.xml:10:9-35
22        android:testOnly="true"
23        android:theme="@style/AppTheme" >
23-->src\main\AndroidManifest.xml:11:9-40
24        <activity android:name="com.example.smartkartapp.About" />
24-->src\main\AndroidManifest.xml:12:9-52
24-->src\main\AndroidManifest.xml:12:19-40
25        <activity android:name="com.example.smartkartapp.AddStock" />
25-->src\main\AndroidManifest.xml:13:9-46
25-->src\main\AndroidManifest.xml:13:19-43
26        <activity android:name="com.example.smartkartapp.Shoes" />
26-->src\main\AndroidManifest.xml:14:9-43
26-->src\main\AndroidManifest.xml:14:19-40
27        <activity android:name="com.example.smartkartapp.BottomWear" />
27-->src\main\AndroidManifest.xml:15:9-48
27-->src\main\AndroidManifest.xml:15:19-45
28        <activity android:name="com.example.smartkartapp.Formals" />
28-->src\main\AndroidManifest.xml:16:9-45
28-->src\main\AndroidManifest.xml:16:19-42
29        <activity android:name="com.example.smartkartapp.tShirts" />
29-->src\main\AndroidManifest.xml:17:9-45
29-->src\main\AndroidManifest.xml:17:19-42
30        <activity android:name="com.example.smartkartapp.DisplayItem" />
30-->src\main\AndroidManifest.xml:18:9-49
30-->src\main\AndroidManifest.xml:18:19-46
31        <activity android:name="com.example.smartkartapp.WomensClothing" />
31-->src\main\AndroidManifest.xml:19:9-52
31-->src\main\AndroidManifest.xml:19:19-49
32        <activity android:name="com.example.smartkartapp.MensClothing" />
32-->src\main\AndroidManifest.xml:20:9-50
32-->src\main\AndroidManifest.xml:20:19-47
33        <activity android:name="com.example.smartkartapp.OtherItems" />
33-->src\main\AndroidManifest.xml:21:9-48
33-->src\main\AndroidManifest.xml:21:19-45
34        <activity android:name="com.example.smartkartapp.Books" />
34-->src\main\AndroidManifest.xml:22:9-43
34-->src\main\AndroidManifest.xml:22:19-40
35        <activity android:name="com.example.smartkartapp.Electronics" />
35-->src\main\AndroidManifest.xml:23:9-49
35-->src\main\AndroidManifest.xml:23:19-46
36        <activity android:name="com.example.smartkartapp.Clothing" />
36-->src\main\AndroidManifest.xml:24:9-46
36-->src\main\AndroidManifest.xml:24:19-43
37        <activity android:name="com.example.smartkartapp.CurrentOrderStatus" />
37-->src\main\AndroidManifest.xml:25:9-56
37-->src\main\AndroidManifest.xml:25:19-53
38        <activity android:name="com.example.smartkartapp.AcceptOrders" />
38-->src\main\AndroidManifest.xml:26:9-50
38-->src\main\AndroidManifest.xml:26:19-47
39        <activity android:name="com.example.smartkartapp.AddStaff" />
39-->src\main\AndroidManifest.xml:27:9-46
39-->src\main\AndroidManifest.xml:27:19-43
40        <activity android:name="com.example.smartkartapp.PlaceOrder" />
40-->src\main\AndroidManifest.xml:28:9-48
40-->src\main\AndroidManifest.xml:28:19-45
41        <activity android:name="com.example.smartkartapp.StaffLogin" />
41-->src\main\AndroidManifest.xml:29:9-48
41-->src\main\AndroidManifest.xml:29:19-45
42        <activity android:name="com.example.smartkartapp.StaffHomePage" />
42-->src\main\AndroidManifest.xml:30:9-51
42-->src\main\AndroidManifest.xml:30:19-48
43        <activity android:name="com.example.smartkartapp.AdminHomePage" />
43-->src\main\AndroidManifest.xml:31:9-51
43-->src\main\AndroidManifest.xml:31:19-48
44        <activity android:name="com.example.smartkartapp.AdminLogin" />
44-->src\main\AndroidManifest.xml:32:9-48
44-->src\main\AndroidManifest.xml:32:19-45
45        <activity
45-->src\main\AndroidManifest.xml:33:9-36:59
46            android:name="com.example.smartkartapp.HomePageActivity"
46-->src\main\AndroidManifest.xml:34:13-45
47            android:label="@string/title_activity_home_page"
47-->src\main\AndroidManifest.xml:35:13-61
48            android:theme="@style/AppTheme.NoActionBar" />
48-->src\main\AndroidManifest.xml:36:13-56
49        <activity android:name="com.example.smartkartapp.RegisterPage" />
49-->src\main\AndroidManifest.xml:37:9-50
49-->src\main\AndroidManifest.xml:37:19-47
50        <activity android:name="com.example.smartkartapp.LoginPage" />
50-->src\main\AndroidManifest.xml:38:9-47
50-->src\main\AndroidManifest.xml:38:19-44
51        <activity android:name="com.example.smartkartapp.RegLogChoice" />
51-->src\main\AndroidManifest.xml:39:9-50
51-->src\main\AndroidManifest.xml:39:19-47
52        <activity android:name="com.example.smartkartapp.MainActivity" >
52-->src\main\AndroidManifest.xml:40:9-46:20
52-->src\main\AndroidManifest.xml:40:19-47
53            <intent-filter>
53-->src\main\AndroidManifest.xml:41:13-45:29
54                <action android:name="android.intent.action.MAIN" />
54-->src\main\AndroidManifest.xml:42:17-69
54-->src\main\AndroidManifest.xml:42:25-66
55
56                <category android:name="android.intent.category.LAUNCHER" />
56-->src\main\AndroidManifest.xml:44:17-77
56-->src\main\AndroidManifest.xml:44:27-74
57            </intent-filter>
58        </activity>
59        <activity
59-->[com.google.android.gms:play-services-base:16.0.1] AndroidManifest.xml:23:9-26:75
60            android:name="com.google.android.gms.common.api.GoogleApiActivity"
60-->[com.google.android.gms:play-services-base:16.0.1] AndroidManifest.xml:24:13-79
61            android:exported="false"
61-->[com.google.android.gms:play-services-base:16.0.1] AndroidManifest.xml:25:13-37
62            android:theme="@android:style/Theme.Translucent.NoTitleBar" />
62-->[com.google.android.gms:play-services-base:16.0.1] AndroidManifest.xml:26:13-72
63
64        <provider
64-->[com.google.firebase:firebase-common:16.0.3] AndroidManifest.xml:10:9-14:39
65            android:name="com.google.firebase.provider.FirebaseInitProvider"
65-->[com.google.firebase:firebase-common:16.0.3] AndroidManifest.xml:11:13-77
66            android:authorities="com.example.smartkartapp.firebaseinitprovider"
66-->[com.google.firebase:firebase-common:16.0.3] AndroidManifest.xml:12:13-72
67            android:exported="false"
67-->[com.google.firebase:firebase-common:16.0.3] AndroidManifest.xml:13:13-37
68            android:initOrder="100" />
68-->[com.google.firebase:firebase-common:16.0.3] AndroidManifest.xml:14:13-36
69
70        <meta-data
70-->[com.google.android.gms:play-services-basement:16.0.1] AndroidManifest.xml:23:9-25:69
71            android:name="com.google.android.gms.version"
71-->[com.google.android.gms:play-services-basement:16.0.1] AndroidManifest.xml:24:13-58
72            android:value="@integer/google_play_services_version" />
72-->[com.google.android.gms:play-services-basement:16.0.1] AndroidManifest.xml:25:13-66
73
74        <provider
74-->[androidx.lifecycle:lifecycle-process:2.0.0] AndroidManifest.xml:23:9-27:43
75            android:name="androidx.lifecycle.ProcessLifecycleOwnerInitializer"
75-->[androidx.lifecycle:lifecycle-process:2.0.0] AndroidManifest.xml:24:13-79
76            android:authorities="com.example.smartkartapp.lifecycle-process"
76-->[androidx.lifecycle:lifecycle-process:2.0.0] AndroidManifest.xml:25:13-69
77            android:exported="false"
77-->[androidx.lifecycle:lifecycle-process:2.0.0] AndroidManifest.xml:26:13-37
78            android:multiprocess="true" />
78-->[androidx.lifecycle:lifecycle-process:2.0.0] AndroidManifest.xml:27:13-40
79    </application>
80
81</manifest>